Build started 3/8/17 4:55:40 PM.
     1>Project "W:\CSC 3430\Lab5\Lab 5\Lab 5\Lab 5.vcxproj" on node 2 (Build target(s)).
     1>ClCompile:
         C:\Program Files\Microsoft Visual Studio 12.0\VC\bin\CL.exe /c /ZI /nologo /W3 /WX- /Od /Oy- /D WIN32 /D _DEBUG /D _CONSOLE /D _LIB /D _UNICODE /D UNICODE /Gm /EHsc /RTC1 /MDd /GS /fp:precise /Zc:wchar_t /Zc:forScope /Fo"Debug\\" /Fd"Debug\vc120.pdb" /Gd /TP /analyze- /errorReport:prompt Source.cpp
         Source.cpp
     1>c:\program files\microsoft visual studio 12.0\vc\include\xutility(2132): warning C4996: 'std::_Copy_impl': Function call with parameters that may be unsafe - this call relies on the caller to check that the passed values are correct. To disable this warning, use -D_SCL_SECURE_NO_WARNINGS. See documentation on how to use Visual C++ 'Checked Iterators'
                 c:\program files\microsoft visual studio 12.0\vc\include\xutility(2113) : see declaration of 'std::_Copy_impl'
                 w:\csc 3430\lab5\lab 5\lab 5\source.cpp(317) : see reference to function template instantiation '_OutIt std::copy<_Ty*,_Ty*>(_InIt,_InIt,_OutIt)' being compiled
                 with
                 [
                     _OutIt=Point *
         ,            _Ty=Point
         ,            _InIt=Point *
                 ]
     1>w:\csc 3430\lab5\lab 5\lab 5\source.cpp(75): warning C4715: 'index' : not all control paths return a value
       Link:
         C:\Program Files\Microsoft Visual Studio 12.0\VC\bin\link.exe /ERRORREPORT:PROMPT /OUT:"W:\CSC 3430\Lab5\Lab 5\Debug\Lab 5.exe" /INCREMENTAL /NOLOGO kernel32.lib user32.lib gdi32.lib winspool.lib comdlg32.lib advapi32.lib shell32.lib ole32.lib oleaut32.lib uuid.lib odbc32.lib odbccp32.lib /MANIFEST /MANIFESTUAC:"level='asInvoker' uiAccess='false'" /manifest:embed /DEBUG /PDB:"W:\CSC 3430\Lab5\Lab 5\Debug\Lab 5.pdb" /SUBSYSTEM:CONSOLE /TLBID:1 /DYNAMICBASE /NXCOMPAT /IMPLIB:"W:\CSC 3430\Lab5\Lab 5\Debug\Lab 5.lib" /MACHINE:X86 Debug\Source.obj
         Lab 5.vcxproj -> W:\CSC 3430\Lab5\Lab 5\Debug\Lab 5.exe
     1>Done Building Project "W:\CSC 3430\Lab5\Lab 5\Lab 5\Lab 5.vcxproj" (Build target(s)).

Build succeeded.

Time Elapsed 00:00:09.56
